# JRE version: Java(TM) SE Runtime Environment (8.0_171-b11) (build 1.8.0_171-b11)
# Java VM: Java HotSpot(TM) 64-Bit Server VM (25.171-b11 mixed mode windows-amd64 compressed oops)
Heap:
 PSYoungGen      total 70656K, used 26737K [0x00000000d6000000, 0x00000000dfd00000, 0x0000000100000000)
  eden space 65536K, 40% used [0x00000000d6000000,0x00000000d7a1c5c8,0x00000000da000000)
  from space 5120K, 0% used [0x00000000da000000,0x00000000da000000,0x00000000da500000)
  to   space 14848K, 0% used [0x00000000dee80000,0x00000000dee80000,0x00000000dfd00000)
 ParOldGen       total 91136K, used 26310K [0x0000000082000000, 0x0000000087900000, 0x00000000d6000000)
  object space 91136K, 28% used [0x0000000082000000,0x00000000839b1ba8,0x0000000087900000)
 Metaspace       used 21367K, capacity 21630K, committed 21808K, reserved 1069056K
  class space    used 2747K, capacity 2833K, committed 2864K, reserved 1048576K
GC Heap History (10 events):
Event: 0.709 GC heap before
{Heap before GC invocations=2 (full 0):
 PSYoungGen      total 37888K, used 37875K [0x00000000d6000000, 0x00000000d8a00000, 0x0000000100000000)
  eden space 32768K, 100% used [0x00000000d6000000,0x00000000d8000000,0x00000000d8000000)
  from space 5120K, 99% used [0x00000000d8000000,0x00000000d84fcc18,0x00000000d8500000)
  to   space 5120K, 0% used [0x00000000d8500000,0x00000000d8500000,0x00000000d8a00000)
 ParOldGen       total 86016K, used 911K [0x0000000082000000, 0x0000000087400000, 0x00000000d6000000)
  object space 86016K, 1% used [0x0000000082000000,0x00000000820e3d90,0x0000000087400000)
 Metaspace       used 8933K, capacity 9058K, committed 9088K, reserved 1056768K
  class space    used 1104K, capacity 1141K, committed 1152K, reserved 1048576K
Event: 0.715 GC heap after
Heap after GC invocations=2 (full 0):
 PSYoungGen      total 37888K, used 5088K [0x00000000d6000000, 0x00000000daa00000, 0x0000000100000000)
  eden space 32768K, 0% used [0x00000000d6000000,0x00000000d6000000,0x00000000d8000000)
  from space 5120K, 99% used [0x00000000d8500000,0x00000000d89f8030,0x00000000d8a00000)
  to   space 5120K, 0% used [0x00000000d8000000,0x00000000d8000000,0x00000000d8500000)
 ParOldGen       total 86016K, used 6349K [0x0000000082000000, 0x0000000087400000, 0x00000000d6000000)
  object space 86016K, 7% used [0x0000000082000000,0x0000000082633660,0x0000000087400000)
 Metaspace       used 8933K, capacity 9058K, committed 9088K, reserved 1056768K
  class space    used 1104K, capacity 1141K, committed 1152K, reserved 1048576K
}
Event: 0.964 GC heap before
{Heap before GC invocations=3 (full 0):
 PSYoungGen      total 37888K, used 37856K [0x00000000d6000000, 0x00000000daa00000, 0x0000000100000000)
  eden space 32768K, 100% used [0x00000000d6000000,0x00000000d8000000,0x00000000d8000000)
  from space 5120K, 99% used [0x00000000d8500000,0x00000000d89f8030,0x00000000d8a00000)
  to   space 5120K, 0% used [0x00000000d8000000,0x00000000d8000000,0x00000000d8500000)
 ParOldGen       total 86016K, used 6349K [0x0000000082000000, 0x0000000087400000, 0x00000000d6000000)
  object space 86016K, 7% used [0x0000000082000000,0x0000000082633660,0x0000000087400000)
 Metaspace       used 11944K, capacity 12032K, committed 12160K, reserved 1060864K
  class space    used 1555K, capacity 1594K, committed 1664K, reserved 1048576K
Event: 0.970 GC heap after
Heap after GC invocations=3 (full 0):
 PSYoungGen      total 37888K, used 5091K [0x00000000d6000000, 0x00000000daa00000, 0x0000000100000000)
  eden space 32768K, 0% used [0x00000000d6000000,0x00000000d6000000,0x00000000d8000000)
  from space 5120K, 99% used [0x00000000d8000000,0x00000000d84f8c50,0x00000000d8500000)
  to   space 5120K, 0% used [0x00000000da500000,0x00000000da500000,0x00000000daa00000)
 ParOldGen       total 86016K, used 12150K [0x0000000082000000, 0x0000000087400000, 0x00000000d6000000)
  object space 86016K, 14% used [0x0000000082000000,0x0000000082bdd8b0,0x0000000087400000)
 Metaspace       used 11944K, capacity 12032K, committed 12160K, reserved 1060864K
  class space    used 1555K, capacity 1594K, committed 1664K, reserved 1048576K
}
Event: 1.357 GC heap before
{Heap before GC invocations=4 (full 0):
 PSYoungGen      total 37888K, used 37859K [0x00000000d6000000, 0x00000000daa00000, 0x0000000100000000)
  eden space 32768K, 100% used [0x00000000d6000000,0x00000000d8000000,0x00000000d8000000)
  from space 5120K, 99% used [0x00000000d8000000,0x00000000d84f8c50,0x00000000d8500000)
  to   space 5120K, 0% used [0x00000000da500000,0x00000000da500000,0x00000000daa00000)
 ParOldGen       total 86016K, used 12150K [0x0000000082000000, 0x0000000087400000, 0x00000000d6000000)
  object space 86016K, 14% used [0x0000000082000000,0x0000000082bdd8b0,0x0000000087400000)
 Metaspace       used 16417K, capacity 16516K, committed 16640K, reserved 1062912K
  class space    used 2177K, capacity 2208K, committed 2304K, reserved 1048576K
Event: 1.368 GC heap after
Heap after GC invocations=4 (full 0):
 PSYoungGen      total 70656K, used 5104K [0x00000000d6000000, 0x00000000daa00000, 0x0000000100000000)
  eden space 65536K, 0% used [0x00000000d6000000,0x00000000d6000000,0x00000000da000000)
  from space 5120K, 99% used [0x00000000da500000,0x00000000da9fc020,0x00000000daa00000)
  to   space 5120K, 0% used [0x00000000da000000,0x00000000da000000,0x00000000da500000)
 ParOldGen       total 86016K, used 18710K [0x0000000082000000, 0x0000000087400000, 0x00000000d6000000)
  object space 86016K, 21% used [0x0000000082000000,0x0000000083245838,0x0000000087400000)
 Metaspace       used 16417K, capacity 16516K, committed 16640K, reserved 1062912K
  class space    used 2177K, capacity 2208K, committed 2304K, reserved 1048576K
}
Event: 2.006 GC heap before
{Heap before GC invocations=5 (full 0):
 PSYoungGen      total 70656K, used 57850K [0x00000000d6000000, 0x00000000daa00000, 0x0000000100000000)
  eden space 65536K, 80% used [0x00000000d6000000,0x00000000d9382830,0x00000000da000000)
  from space 5120K, 99% used [0x00000000da500000,0x00000000da9fc020,0x00000000daa00000)
  to   space 5120K, 0% used [0x00000000da000000,0x00000000da000000,0x00000000da500000)
 ParOldGen       total 86016K, used 18710K [0x0000000082000000, 0x0000000087400000, 0x00000000d6000000)
  object space 86016K, 21% used [0x0000000082000000,0x0000000083245838,0x0000000087400000)
 Metaspace       used 20908K, capacity 21198K, committed 21296K, reserved 1067008K
  class space    used 2708K, capacity 2825K, committed 2864K, reserved 1048576K
Event: 2.021 GC heap after
Heap after GC invocations=5 (full 0):
 PSYoungGen      total 70656K, used 5103K [0x00000000d6000000, 0x00000000dfd00000, 0x0000000100000000)
  eden space 65536K, 0% used [0x00000000d6000000,0x00000000d6000000,0x00000000da000000)
  from space 5120K, 99% used [0x00000000da000000,0x00000000da4fbfd0,0x00000000da500000)
  to   space 14848K, 0% used [0x00000000dee80000,0x00000000dee80000,0x00000000dfd00000)
 ParOldGen       total 86016K, used 24983K [0x0000000082000000, 0x0000000087400000, 0x00000000d6000000)
  object space 86016K, 29% used [0x0000000082000000,0x0000000083865ff0,0x0000000087400000)
 Metaspace       used 20908K, capacity 21198K, committed 21296K, reserved 1067008K
  class space    used 2708K, capacity 2825K, committed 2864K, reserved 1048576K
}
Event: 2.021 GC heap before
{Heap before GC invocations=6 (full 1):
 PSYoungGen      total 70656K, used 5103K [0x00000000d6000000, 0x00000000dfd00000, 0x0000000100000000)
  eden space 65536K, 0% used [0x00000000d6000000,0x00000000d6000000,0x00000000da000000)
  from space 5120K, 99% used [0x00000000da000000,0x00000000da4fbfd0,0x00000000da500000)
  to   space 14848K, 0% used [0x00000000dee80000,0x00000000dee80000,0x00000000dfd00000)
 ParOldGen       total 86016K, used 24983K [0x0000000082000000, 0x0000000087400000, 0x00000000d6000000)
  object space 86016K, 29% used [0x0000000082000000,0x0000000083865ff0,0x0000000087400000)
 Metaspace       used 20908K, capacity 21198K, committed 21296K, reserved 1067008K
  class space    used 2708K, capacity 2825K, committed 2864K, reserved 1048576K
Event: 2.106 GC heap after
Heap after GC invocations=6 (full 1):
 PSYoungGen      total 70656K, used 0K [0x00000000d6000000, 0x00000000dfd00000, 0x0000000100000000)
  eden space 65536K, 0% used [0x00000000d6000000,0x00000000d6000000,0x00000000da000000)
  from space 5120K, 0% used [0x00000000da000000,0x00000000da000000,0x00000000da500000)
  to   space 14848K, 0% used [0x00000000dee80000,0x00000000dee80000,0x00000000dfd00000)
 ParOldGen       total 91136K, used 26310K [0x0000000082000000, 0x0000000087900000, 0x00000000d6000000)
  object space 91136K, 28% used [0x0000000082000000,0x00000000839b1ba8,0x0000000087900000)
 Metaspace       used 20908K, capacity 21198K, committed 21296K, reserved 1067008K
  class space    used 2708K, capacity 2825K, committed 2864K, reserved 1048576K
}

